<?xml version="1.0" encoding="UTF-8"?>
<testsuite name="com.example.todoList.TodoListApplicationTests" tests="1" skipped="0" failures="0" errors="0" timestamp="2023-05-09T09:05:24" hostname="MacBook-Air-Serhii.local" time="0.593">
  <properties/>
  <testcase name="contextLoads()" classname="com.example.todoList.TodoListApplicationTests" time="0.593"/>
  <system-out><![CDATA[12:05:22.638 [Test worker] DEBUG org.springframework.boot.test.context.SpringBootTestContextBootstrapper -- Neither @ContextConfiguration nor @ContextHierarchy found for test class [TodoListApplicationTests]: using SpringBootContextLoader
12:05:22.659 [Test worker] DEBUG org.springframework.test.context.support.AbstractContextLoader -- Could not detect default resource locations for test class [com.example.todoList.TodoListApplicationTests]: no resource found for suffixes {-context.xml, Context.groovy}.
12:05:22.660 [Test worker] INFO org.springframework.test.context.support.AnnotationConfigContextLoaderUtils -- Could not detect default configuration classes for test class [com.example.todoList.TodoListApplicationTests]: TodoListApplicationTests does not declare any static, non-private, non-final, nested classes annotated with @Configuration.
12:05:22.709 [Test worker] DEBUG org.springframework.boot.test.context.SpringBootTestContextBootstrapper -- Using ContextCustomizers for test class [TodoListApplicationTests]: [DisableObservabilityContextCustomizer, PropertyMappingContextCustomizer, Customizer, ExcludeFilterContextCustomizer, DuplicateJsonObjectContextCustomizer, MockitoContextCustomizer, TestRestTemplateContextCustomizer]
12:05:22.818 [Test worker] DEBUG org.springframework.context.annotation.ClassPathScanningCandidateComponentProvider -- Identified candidate component class: file [/Users/serhiimischenko/IdeaProjects/TodoList/build/classes/java/main/com/example/todoList/TodoListApplication.class]
12:05:22.824 [Test worker] INFO org.springframework.boot.test.context.SpringBootTestContextBootstrapper -- Found @SpringBootConfiguration com.example.todoList.TodoListApplication for test class com.example.todoList.TodoListApplicationTests
12:05:22.902 [Test worker] DEBUG org.springframework.test.context.util.TestContextSpringFactoriesUtils -- Skipping candidate TestExecutionListener [org.springframework.test.context.web.ServletTestExecutionListener] due to a missing dependency. Specify custom TestExecutionListener classes or make the default TestExecutionListener classes and their required dependencies available. Offending class: [jakarta/servlet/ServletContext]
12:05:22.907 [Test worker] DEBUG org.springframework.test.context.util.TestContextSpringFactoriesUtils -- Skipping candidate TestExecutionListener [org.springframework.test.context.transaction.TransactionalTestExecutionListener] due to a missing dependency. Specify custom TestExecutionListener classes or make the default TestExecutionListener classes and their required dependencies available. Offending class: [org/springframework/transaction/interceptor/TransactionAttributeSource]
12:05:22.908 [Test worker] DEBUG org.springframework.test.context.util.TestContextSpringFactoriesUtils -- Skipping candidate TestExecutionListener [org.springframework.test.context.jdbc.SqlScriptsTestExecutionListener] due to a missing dependency. Specify custom TestExecutionListener classes or make the default TestExecutionListener classes and their required dependencies available. Offending class: [org/springframework/transaction/interceptor/TransactionAttribute]
12:05:22.911 [Test worker] DEBUG org.springframework.boot.test.context.SpringBootTestContextBootstrapper -- Using TestExecutionListeners for test class [TodoListApplicationTests]: [DirtiesContextBeforeModesTestExecutionListener, ApplicationEventsTestExecutionListener, MockitoTestExecutionListener, DependencyInjectionTestExecutionListener, DirtiesContextTestExecutionListener, EventPublishingTestExecutionListener, RestDocsTestExecutionListener, MockRestServiceServerResetTestExecutionListener, MockMvcPrintOnlyOnFailureTestExecutionListener, WebDriverTestExecutionListener, MockWebServiceServerTestExecutionListener, ResetMocksTestExecutionListener]
12:05:22.913 [Test worker] DEBUG org.springframework.test.context.support.AbstractDirtiesContextTestExecutionListener -- Before test class: class [TodoListApplicationTests], class annotated with @DirtiesContext [false] with mode [null]
12:05:22.937 [Test worker] DEBUG org.springframework.test.context.support.DependencyInjectionTestExecutionListener -- Performing dependency injection for test class com.example.todoList.TodoListApplicationTests

  .   ____          _            __ _ _
 /\\ / ___'_ __ _ _(_)_ __  __ _ \ \ \ \
( ( )\___ | '_ | '_| | '_ \/ _` | \ \ \ \
 \\/  ___)| |_)| | | | | || (_| |  ) ) ) )
  '  |____| .__|_| |_|_| |_\__, | / / / /
 =========|_|==============|___/=/_/_/_/
 :: Spring Boot ::                (v3.0.6)

2023-05-09T12:05:23.326+03:00  INFO 4874 --- [    Test worker] c.e.todoList.TodoListApplicationTests    : Starting TodoListApplicationTests using Java 19.0.1 with PID 4874 (started by serhiimischenko in /Users/serhiimischenko/IdeaProjects/TodoList)
2023-05-09T12:05:23.330+03:00  INFO 4874 --- [    Test worker] c.e.todoList.TodoListApplicationTests    : No active profile set, falling back to 1 default profile: "default"
2023-05-09T12:05:24.091+03:00  INFO 4874 --- [    Test worker] c.e.todoList.TodoListApplicationTests    : Started TodoListApplicationTests in 1.121 seconds (process running for 2.704)
]]></system-out>
  <system-err><![CDATA[]]></system-err>
</testsuite>
